<?xml version="1.0" encoding="UTF-8"?>
<testsuite xmlns:xsi="http://www.w3.org/2001/XMLSchema-instance" xsi:noNamespaceSchemaLocation="https://maven.apache.org/surefire/maven-surefire-plugin/xsd/surefire-test-report-3.0.xsd" version="3.0" name="com.example.devops.HelloControllerTest" time="2.092" tests="1" errors="0" skipped="0" failures="0">
  <properties>
[...]
</properties>
  <testcase name="shouldReturnMessage" classname="com.example.devops.HelloControllerTest" time="0.638">
    <system-out><![CDATA[14:14:54.944 [main] INFO org.springframework.test.context.support.AnnotationConfigContextLoaderUtils -- Could not detect default configuration classes for test class [com.example.devops.HelloControllerTest]: HelloControllerTest does not declare any static, non-private, non-final, nested classes annotated with @Configuration.
14:14:55.017 [main] INFO org.springframework.boot.test.context.SpringBootTestContextBootstrapper -- Found @SpringBootConfiguration com.example.devops.DevopsApplication for test class com.example.devops.HelloControllerTest

  .   ____          _            __ _ _
 /\\ / ___'_ __ _ _(_)_ __  __ _ \ \ \ \
( ( )\___ | '_ | '_| | '_ \/ _` | \ \ \ \
 \\/  ___)| |_)| | | | | || (_| |  ) ) ) )
  '  |____| .__|_| |_|_| |_\__, | / / / /
 =========|_|==============|___/=/_/_/_/

 :: Spring Boot ::                (v3.3.2)

2026-01-11T14:14:55.286+01:00  INFO 12136 --- [           main] com.example.devops.HelloControllerTest   : Starting HelloControllerTest using Java 21.0.8 with PID 12136 (started by hidei in C:\Users\hidei\Projet-DevOps-KHARROUB-Yasser)
2026-01-11T14:14:55.287+01:00  INFO 12136 --- [           main] com.example.devops.HelloControllerTest   : No active profile set, falling back to 1 default profile: "default"
2026-01-11T14:14:55.928+01:00  INFO 12136 --- [           main] o.s.b.w.embedded.tomcat.TomcatWebServer  : Tomcat initialized with port 0 (http)
2026-01-11T14:14:55.942+01:00  INFO 12136 --- [           main] o.apache.catalina.core.StandardService   : Starting service [Tomcat]
2026-01-11T14:14:55.943+01:00  INFO 12136 --- [           main] o.apache.catalina.core.StandardEngine    : Starting Servlet engine: [Apache Tomcat/10.1.26]
2026-01-11T14:14:55.978+01:00  INFO 12136 --- [           main] o.a.c.c.C.[Tomcat].[localhost].[/]       : Initializing Spring embedded WebApplicationContext
2026-01-11T14:14:55.980+01:00  INFO 12136 --- [           main] w.s.c.ServletWebServerApplicationContext : Root WebApplicationContext: initialization completed in 679 ms
2026-01-11T14:14:56.266+01:00  INFO 12136 --- [           main] o.s.b.w.embedded.tomcat.TomcatWebServer  : Tomcat started on port 50785 (http) with context path '/'
2026-01-11T14:14:56.272+01:00  INFO 12136 --- [           main] com.example.devops.HelloControllerTest   : Started HelloControllerTest in 1.158 seconds (process running for 1.77)
2026-01-11T14:14:56.848+01:00  INFO 12136 --- [o-auto-1-exec-1] o.a.c.c.C.[Tomcat].[localhost].[/]       : Initializing Spring DispatcherServlet 'dispatcherServlet'
2026-01-11T14:14:56.849+01:00  INFO 12136 --- [o-auto-1-exec-1] o.s.web.servlet.DispatcherServlet        : Initializing Servlet 'dispatcherServlet'
2026-01-11T14:14:56.849+01:00  INFO 12136 --- [o-auto-1-exec-1] o.s.web.servlet.DispatcherServlet        : Completed initialization in 0 ms
]]></system-out>
    <system-err><![CDATA[WARNING: A Java agent has been loaded dynamically (C:\Users\hidei\.m2\repository\net\bytebuddy\byte-buddy-agent\1.14.18\byte-buddy-agent-1.14.18.jar)
WARNING: If a serviceability tool is in use, please run with -XX:+EnableDynamicAgentLoading to hide this warning
WARNING: If a serviceability tool is not in use, please run with -Djdk.instrument.traceUsage for more information
WARNING: Dynamic loading of agents will be disallowed by default in a future release
]]></system-err>
  </testcase>
</testsuite>